[6.220s] Invoking command in '/home/kk/ros2_ws/build/my_robot_controller': PS1=(venv) \[\e]0;\u@\h: \w\a\]${debian_chroot:+($debian_chroot)}\[\033[01;32m\]\u@\h\[\033[00m\]:\[\033[01;34m\]\w\[\033[00m\]\$ PYTHONPATH=/home/kk/ros2_ws/build/my_robot_controller/prefix_override:/home/kk/ros2_ws/install/my_robot_controller/lib/python3.10/site-packages:${PYTHONPATH} /usr/bin/python3 setup.py develop --uninstall --editable --build-directory /home/kk/ros2_ws/build/my_robot_controller/build
[8.293s] running develop
[9.632s] Removing /home/kk/ros2_ws/install/my_robot_controller/lib/python3.10/site-packages/my-robot-controller.egg-link (link to .)
[9.871s] Invoked command in '/home/kk/ros2_ws/build/my_robot_controller' returned '0': PS1=(venv) \[\e]0;\u@\h: \w\a\]${debian_chroot:+($debian_chroot)}\[\033[01;32m\]\u@\h\[\033[00m\]:\[\033[01;34m\]\w\[\033[00m\]\$ PYTHONPATH=/home/kk/ros2_ws/build/my_robot_controller/prefix_override:/home/kk/ros2_ws/install/my_robot_controller/lib/python3.10/site-packages:${PYTHONPATH} /usr/bin/python3 setup.py develop --uninstall --editable --build-directory /home/kk/ros2_ws/build/my_robot_controller/build
[9.877s] Invoking command in '/home/kk/ros2_ws/src/my_robot_controller': PS1=(venv) \[\e]0;\u@\h: \w\a\]${debian_chroot:+($debian_chroot)}\[\033[01;32m\]\u@\h\[\033[00m\]:\[\033[01;34m\]\w\[\033[00m\]\$ PYTHONPATH=/home/kk/ros2_ws/build/my_robot_controller/prefix_override:/home/kk/ros2_ws/install/my_robot_controller/lib/python3.10/site-packages:${PYTHONPATH} /usr/bin/python3 setup.py egg_info --egg-base ../../build/my_robot_controller build --build-base /home/kk/ros2_ws/build/my_robot_controller/build install --record /home/kk/ros2_ws/build/my_robot_controller/install.log --single-version-externally-managed
[11.605s] running egg_info
[11.609s] writing ../../build/my_robot_controller/my_robot_controller.egg-info/PKG-INFO
[11.611s] writing dependency_links to ../../build/my_robot_controller/my_robot_controller.egg-info/dependency_links.txt
[11.612s] writing entry points to ../../build/my_robot_controller/my_robot_controller.egg-info/entry_points.txt
[11.613s] writing requirements to ../../build/my_robot_controller/my_robot_controller.egg-info/requires.txt
[11.613s] writing top-level names to ../../build/my_robot_controller/my_robot_controller.egg-info/top_level.txt
[11.622s] reading manifest file '../../build/my_robot_controller/my_robot_controller.egg-info/SOURCES.txt'
[11.627s] writing manifest file '../../build/my_robot_controller/my_robot_controller.egg-info/SOURCES.txt'
[11.628s] running build
[11.628s] running build_py
[11.629s] copying my_robot_controller/my_first_node.py -> /home/kk/ros2_ws/build/my_robot_controller/build/lib/my_robot_controller
[11.630s] copying my_robot_controller/draw_circle.py -> /home/kk/ros2_ws/build/my_robot_controller/build/lib/my_robot_controller
[11.631s] running install
[11.632s] running install_lib
[11.635s] creating /home/kk/ros2_ws/install/my_robot_controller/lib/python3.10/site-packages/my_robot_controller
[11.636s] copying /home/kk/ros2_ws/build/my_robot_controller/build/lib/my_robot_controller/__init__.py -> /home/kk/ros2_ws/install/my_robot_controller/lib/python3.10/site-packages/my_robot_controller
[11.637s] copying /home/kk/ros2_ws/build/my_robot_controller/build/lib/my_robot_controller/my_first_node.py -> /home/kk/ros2_ws/install/my_robot_controller/lib/python3.10/site-packages/my_robot_controller
[11.638s] copying /home/kk/ros2_ws/build/my_robot_controller/build/lib/my_robot_controller/draw_circle.py -> /home/kk/ros2_ws/install/my_robot_controller/lib/python3.10/site-packages/my_robot_controller
[11.640s] byte-compiling /home/kk/ros2_ws/install/my_robot_controller/lib/python3.10/site-packages/my_robot_controller/__init__.py to __init__.cpython-310.pyc
[11.641s] byte-compiling /home/kk/ros2_ws/install/my_robot_controller/lib/python3.10/site-packages/my_robot_controller/my_first_node.py to my_first_node.cpython-310.pyc
[11.643s] byte-compiling /home/kk/ros2_ws/install/my_robot_controller/lib/python3.10/site-packages/my_robot_controller/draw_circle.py to draw_circle.cpython-310.pyc
[11.646s] running install_data
[11.649s] copying package.xml -> /home/kk/ros2_ws/install/my_robot_controller/share/my_robot_controller
[11.650s] running install_egg_info
[11.660s] Copying ../../build/my_robot_controller/my_robot_controller.egg-info to /home/kk/ros2_ws/install/my_robot_controller/lib/python3.10/site-packages/my_robot_controller-0.0.0-py3.10.egg-info
[11.673s] running install_scripts
[11.766s] Installing draw_circle script to /home/kk/ros2_ws/install/my_robot_controller/lib/my_robot_controller
[11.767s] Installing test_node script to /home/kk/ros2_ws/install/my_robot_controller/lib/my_robot_controller
[11.769s] writing list of installed files to '/home/kk/ros2_ws/build/my_robot_controller/install.log'
[11.945s] Invoked command in '/home/kk/ros2_ws/src/my_robot_controller' returned '0': PS1=(venv) \[\e]0;\u@\h: \w\a\]${debian_chroot:+($debian_chroot)}\[\033[01;32m\]\u@\h\[\033[00m\]:\[\033[01;34m\]\w\[\033[00m\]\$ PYTHONPATH=/home/kk/ros2_ws/build/my_robot_controller/prefix_override:/home/kk/ros2_ws/install/my_robot_controller/lib/python3.10/site-packages:${PYTHONPATH} /usr/bin/python3 setup.py egg_info --egg-base ../../build/my_robot_controller build --build-base /home/kk/ros2_ws/build/my_robot_controller/build install --record /home/kk/ros2_ws/build/my_robot_controller/install.log --single-version-externally-managed
