[4.462s] DEBUG:colcon:Command line arguments: ['/usr/bin/colcon', 'list', '-p', '--base-paths', '/home/kk/ros2_ws']
[4.462s] DEBUG:colcon:Parsed command line arguments: Namespace(log_base=None, log_level=None, verb_name='list', build_base='build', ignore_user_meta=False, metas=['./colcon.meta'], base_paths=['/home/kk/ros2_ws'], packages_ignore=None, packages_ignore_regex=None, paths=None, packages_up_to=None, packages_up_to_regex=None, packages_above=None, packages_above_and_dependencies=None, packages_above_depth=None, packages_select_by_dep=None, packages_skip_by_dep=None, packages_skip_up_to=None, packages_select_build_failed=False, packages_skip_build_finished=False, packages_select_test_failures=False, packages_skip_test_passed=False, packages_select=None, packages_skip=None, packages_select_regex=None, packages_skip_regex=None, packages_start=None, packages_end=None, allow_overriding=[], topological_order=False, names_only=False, paths_only=True, topological_graph=False, topological_graph_dot=False, topological_graph_density=False, topological_graph_legend=False, topological_graph_dot_cluster=False, topological_graph_dot_include_skipped=False, verb_parser=<colcon_defaults.argument_parser.defaults.DefaultArgumentsDecorator object at 0xffffbc356dd0>, verb_extension=<colcon_package_information.verb.list.ListVerb object at 0xffffbc5312a0>, main=<bound method ListVerb.main of <colcon_package_information.verb.list.ListVerb object at 0xffffbc5312a0>>)
[5.283s] Level 1:colcon.colcon_core.package_discovery:discover_packages(colcon_meta) check parameters
[5.284s] Level 1:colcon.colcon_core.package_discovery:discover_packages(recursive) check parameters
[5.284s] Level 1:colcon.colcon_core.package_discovery:discover_packages(ignore) check parameters
[5.284s] Level 1:colcon.colcon_core.package_discovery:discover_packages(path) check parameters
[5.285s] Level 1:colcon.colcon_core.package_discovery:discover_packages(recursive) discover
[5.285s] INFO:colcon.colcon_core.package_discovery:Crawling recursively for packages in '/home/kk/ros2_ws'
[5.286s] Level 1:colcon.colcon_core.package_identification:_identify(/home/kk/ros2_ws) by extensions ['ignore', 'ignore_ament_install']
[5.287s] Level 1:colcon.colcon_core.package_identification:_identify(/home/kk/ros2_ws) by extension 'ignore'
[5.287s] Level 1:colcon.colcon_core.package_identification:_identify(/home/kk/ros2_ws) by extension 'ignore_ament_install'
[5.288s] Level 1:colcon.colcon_core.package_identification:_identify(/home/kk/ros2_ws) by extensions ['colcon_pkg']
[5.299s] Level 1:colcon.colcon_core.package_identification:_identify(/home/kk/ros2_ws) by extension 'colcon_pkg'
[5.300s] Level 1:colcon.colcon_core.package_identification:_identify(/home/kk/ros2_ws) by extensions ['colcon_meta']
[5.301s] Level 1:colcon.colcon_core.package_identification:_identify(/home/kk/ros2_ws) by extension 'colcon_meta'
[5.302s] Level 1:colcon.colcon_core.package_identification:_identify(/home/kk/ros2_ws) by extensions ['ros']
[5.307s] Level 1:colcon.colcon_core.package_identification:_identify(/home/kk/ros2_ws) by extension 'ros'
[5.403s] Level 1:colcon.colcon_core.package_identification:_identify(/home/kk/ros2_ws) by extensions ['cmake', 'python']
[5.404s] Level 1:colcon.colcon_core.package_identification:_identify(/home/kk/ros2_ws) by extension 'cmake'
[5.405s] Level 1:colcon.colcon_core.package_identification:_identify(/home/kk/ros2_ws) by extension 'python'
[5.405s] Level 1:colcon.colcon_core.package_identification:_identify(/home/kk/ros2_ws) by extensions ['python_setup_py']
[5.405s] Level 1:colcon.colcon_core.package_identification:_identify(/home/kk/ros2_ws) by extension 'python_setup_py'
[5.408s] Level 1:colcon.colcon_core.package_identification:_identify(/home/kk/ros2_ws/build) by extensions ['ignore', 'ignore_ament_install']
[5.413s] Level 1:colcon.colcon_core.package_identification:_identify(/home/kk/ros2_ws/build) by extension 'ignore'
[5.414s] Level 1:colcon.colcon_core.package_identification:_identify(/home/kk/ros2_ws/build) ignored
[5.415s] Level 1:colcon.colcon_core.package_identification:_identify(/home/kk/ros2_ws/install) by extensions ['ignore', 'ignore_ament_install']
[5.434s] Level 1:colcon.colcon_core.package_identification:_identify(/home/kk/ros2_ws/install) by extension 'ignore'
[5.434s] Level 1:colcon.colcon_core.package_identification:_identify(/home/kk/ros2_ws/install) ignored
[5.435s] Level 1:colcon.colcon_core.package_identification:_identify(/home/kk/ros2_ws/log) by extensions ['ignore', 'ignore_ament_install']
[5.436s] Level 1:colcon.colcon_core.package_identification:_identify(/home/kk/ros2_ws/log) by extension 'ignore'
[5.437s] Level 1:colcon.colcon_core.package_identification:_identify(/home/kk/ros2_ws/log) ignored
[5.438s] Level 1:colcon.colcon_core.package_identification:_identify(/home/kk/ros2_ws/src) by extensions ['ignore', 'ignore_ament_install']
[5.438s] Level 1:colcon.colcon_core.package_identification:_identify(/home/kk/ros2_ws/src) by extension 'ignore'
[5.439s] Level 1:colcon.colcon_core.package_identification:_identify(/home/kk/ros2_ws/src) by extension 'ignore_ament_install'
[5.440s] Level 1:colcon.colcon_core.package_identification:_identify(/home/kk/ros2_ws/src) by extensions ['colcon_pkg']
[5.458s] Level 1:colcon.colcon_core.package_identification:_identify(/home/kk/ros2_ws/src) by extension 'colcon_pkg'
[5.459s] Level 1:colcon.colcon_core.package_identification:_identify(/home/kk/ros2_ws/src) by extensions ['colcon_meta']
[5.460s] Level 1:colcon.colcon_core.package_identification:_identify(/home/kk/ros2_ws/src) by extension 'colcon_meta'
[5.460s] Level 1:colcon.colcon_core.package_identification:_identify(/home/kk/ros2_ws/src) by extensions ['ros']
[5.461s] Level 1:colcon.colcon_core.package_identification:_identify(/home/kk/ros2_ws/src) by extension 'ros'
[5.462s] Level 1:colcon.colcon_core.package_identification:_identify(/home/kk/ros2_ws/src) by extensions ['cmake', 'python']
[5.462s] Level 1:colcon.colcon_core.package_identification:_identify(/home/kk/ros2_ws/src) by extension 'cmake'
[5.463s] Level 1:colcon.colcon_core.package_identification:_identify(/home/kk/ros2_ws/src) by extension 'python'
[5.463s] Level 1:colcon.colcon_core.package_identification:_identify(/home/kk/ros2_ws/src) by extensions ['python_setup_py']
[5.464s] Level 1:colcon.colcon_core.package_identification:_identify(/home/kk/ros2_ws/src) by extension 'python_setup_py'
[5.465s] Level 1:colcon.colcon_core.package_identification:_identify(/home/kk/ros2_ws/src/my_robot_controller) by extensions ['ignore', 'ignore_ament_install']
[5.465s] Level 1:colcon.colcon_core.package_identification:_identify(/home/kk/ros2_ws/src/my_robot_controller) by extension 'ignore'
[5.467s] Level 1:colcon.colcon_core.package_identification:_identify(/home/kk/ros2_ws/src/my_robot_controller) by extension 'ignore_ament_install'
[5.468s] Level 1:colcon.colcon_core.package_identification:_identify(/home/kk/ros2_ws/src/my_robot_controller) by extensions ['colcon_pkg']
[5.469s] Level 1:colcon.colcon_core.package_identification:_identify(/home/kk/ros2_ws/src/my_robot_controller) by extension 'colcon_pkg'
[5.469s] Level 1:colcon.colcon_core.package_identification:_identify(/home/kk/ros2_ws/src/my_robot_controller) by extensions ['colcon_meta']
[5.470s] Level 1:colcon.colcon_core.package_identification:_identify(/home/kk/ros2_ws/src/my_robot_controller) by extension 'colcon_meta'
[5.470s] Level 1:colcon.colcon_core.package_identification:_identify(/home/kk/ros2_ws/src/my_robot_controller) by extensions ['ros']
[5.471s] Level 1:colcon.colcon_core.package_identification:_identify(/home/kk/ros2_ws/src/my_robot_controller) by extension 'ros'
[5.523s] DEBUG:colcon.colcon_core.package_identification:Package '/home/kk/ros2_ws/src/my_robot_controller' with type 'ros.ament_python' and name 'my_robot_controller'
[5.523s] Level 1:colcon.colcon_core.package_discovery:discover_packages(recursive) using defaults
