[6.076s] Invoking command in '/home/kk/ros2_ws/src/my_robot_controller': PYTHONPATH=/home/kk/ros2_ws/build/my_robot_controller/prefix_override:/home/kk/ros2_ws/install/my_robot_controller/lib/python3.10/site-packages:${PYTHONPATH} /usr/bin/python3 setup.py egg_info --egg-base ../../build/my_robot_controller build --build-base /home/kk/ros2_ws/build/my_robot_controller/build install --record /home/kk/ros2_ws/build/my_robot_controller/install.log --single-version-externally-managed
[8.735s] running egg_info
[8.740s] writing ../../build/my_robot_controller/my_robot_controller.egg-info/PKG-INFO
[8.741s] writing dependency_links to ../../build/my_robot_controller/my_robot_controller.egg-info/dependency_links.txt
[8.743s] writing entry points to ../../build/my_robot_controller/my_robot_controller.egg-info/entry_points.txt
[8.744s] writing requirements to ../../build/my_robot_controller/my_robot_controller.egg-info/requires.txt
[8.745s] writing top-level names to ../../build/my_robot_controller/my_robot_controller.egg-info/top_level.txt
[8.759s] reading manifest file '../../build/my_robot_controller/my_robot_controller.egg-info/SOURCES.txt'
[8.763s] writing manifest file '../../build/my_robot_controller/my_robot_controller.egg-info/SOURCES.txt'
[8.765s] running build
[8.766s] running build_py
[8.767s] running install
[8.772s] running install_lib
[8.776s] running install_data
[8.779s] running install_egg_info
[8.794s] removing '/home/kk/ros2_ws/install/my_robot_controller/lib/python3.10/site-packages/my_robot_controller-0.0.0-py3.10.egg-info' (and everything under it)
[8.797s] Copying ../../build/my_robot_controller/my_robot_controller.egg-info to /home/kk/ros2_ws/install/my_robot_controller/lib/python3.10/site-packages/my_robot_controller-0.0.0-py3.10.egg-info
[8.815s] running install_scripts
[8.952s] writing list of installed files to '/home/kk/ros2_ws/build/my_robot_controller/install.log'
[9.188s] Invoked command in '/home/kk/ros2_ws/src/my_robot_controller' returned '0': PYTHONPATH=/home/kk/ros2_ws/build/my_robot_controller/prefix_override:/home/kk/ros2_ws/install/my_robot_controller/lib/python3.10/site-packages:${PYTHONPATH} /usr/bin/python3 setup.py egg_info --egg-base ../../build/my_robot_controller build --build-base /home/kk/ros2_ws/build/my_robot_controller/build install --record /home/kk/ros2_ws/build/my_robot_controller/install.log --single-version-externally-managed
