[6.301s] Invoking command in '/home/kk/ros2_ws/src/my_robot_controller': PYTHONPATH=/home/kk/ros2_ws/build/my_robot_controller/prefix_override:/home/kk/ros2_ws/install/my_robot_controller/lib/python3.10/site-packages:${PYTHONPATH} /usr/bin/python3 setup.py egg_info --egg-base ../../build/my_robot_controller build --build-base /home/kk/ros2_ws/build/my_robot_controller/build install --record /home/kk/ros2_ws/build/my_robot_controller/install.log --single-version-externally-managed
[8.697s] running egg_info
[8.700s] creating ../../build/my_robot_controller/my_robot_controller.egg-info
[8.705s] writing ../../build/my_robot_controller/my_robot_controller.egg-info/PKG-INFO
[8.708s] writing dependency_links to ../../build/my_robot_controller/my_robot_controller.egg-info/dependency_links.txt
[8.714s] writing entry points to ../../build/my_robot_controller/my_robot_controller.egg-info/entry_points.txt
[8.715s] writing requirements to ../../build/my_robot_controller/my_robot_controller.egg-info/requires.txt
[8.716s] writing top-level names to ../../build/my_robot_controller/my_robot_controller.egg-info/top_level.txt
[8.717s] writing manifest file '../../build/my_robot_controller/my_robot_controller.egg-info/SOURCES.txt'
[8.723s] reading manifest file '../../build/my_robot_controller/my_robot_controller.egg-info/SOURCES.txt'
[8.729s] writing manifest file '../../build/my_robot_controller/my_robot_controller.egg-info/SOURCES.txt'
[8.730s] running build
[8.733s] running build_py
[8.737s] creating /home/kk/ros2_ws/build/my_robot_controller/build
[8.738s] creating /home/kk/ros2_ws/build/my_robot_controller/build/lib
[8.739s] creating /home/kk/ros2_ws/build/my_robot_controller/build/lib/my_robot_controller
[8.739s] copying my_robot_controller/__init__.py -> /home/kk/ros2_ws/build/my_robot_controller/build/lib/my_robot_controller
[8.740s] running install
[8.741s] /usr/lib/python3/dist-packages/setuptools/command/install.py:34: SetuptoolsDeprecationWarning: setup.py install is deprecated. Use build and pip and other standards-based tools.
[8.741s]   warnings.warn(
[8.742s] running install_lib
[8.745s] creating /home/kk/ros2_ws/install/my_robot_controller/lib/python3.10/site-packages/my_robot_controller
[8.746s] copying /home/kk/ros2_ws/build/my_robot_controller/build/lib/my_robot_controller/__init__.py -> /home/kk/ros2_ws/install/my_robot_controller/lib/python3.10/site-packages/my_robot_controller
[8.748s] byte-compiling /home/kk/ros2_ws/install/my_robot_controller/lib/python3.10/site-packages/my_robot_controller/__init__.py to __init__.cpython-310.pyc
[8.750s] running install_data
[8.757s] creating /home/kk/ros2_ws/install/my_robot_controller/share/ament_index
[8.758s] creating /home/kk/ros2_ws/install/my_robot_controller/share/ament_index/resource_index
[8.759s] creating /home/kk/ros2_ws/install/my_robot_controller/share/ament_index/resource_index/packages
[8.760s] copying resource/my_robot_controller -> /home/kk/ros2_ws/install/my_robot_controller/share/ament_index/resource_index/packages
[8.761s] copying package.xml -> /home/kk/ros2_ws/install/my_robot_controller/share/my_robot_controller
[8.762s] running install_egg_info
[8.773s] Copying ../../build/my_robot_controller/my_robot_controller.egg-info to /home/kk/ros2_ws/install/my_robot_controller/lib/python3.10/site-packages/my_robot_controller-0.0.0-py3.10.egg-info
[8.790s] running install_scripts
[8.946s] writing list of installed files to '/home/kk/ros2_ws/build/my_robot_controller/install.log'
[9.183s] Invoked command in '/home/kk/ros2_ws/src/my_robot_controller' returned '0': PYTHONPATH=/home/kk/ros2_ws/build/my_robot_controller/prefix_override:/home/kk/ros2_ws/install/my_robot_controller/lib/python3.10/site-packages:${PYTHONPATH} /usr/bin/python3 setup.py egg_info --egg-base ../../build/my_robot_controller build --build-base /home/kk/ros2_ws/build/my_robot_controller/build install --record /home/kk/ros2_ws/build/my_robot_controller/install.log --single-version-externally-managed
