[6.057s] Invoking command in '/home/kk/ros2_ws/src/my_robot_controller': PS1=(venv) \[\e]0;\u@\h: \w\a\]${debian_chroot:+($debian_chroot)}\[\033[01;32m\]\u@\h\[\033[00m\]:\[\033[01;34m\]\w\[\033[00m\]\$ PYTHONPATH=/home/kk/ros2_ws/build/my_robot_controller/prefix_override:/home/kk/ros2_ws/install/my_robot_controller/lib/python3.10/site-packages:${PYTHONPATH} /usr/bin/python3 setup.py egg_info --egg-base ../../build/my_robot_controller build --build-base /home/kk/ros2_ws/build/my_robot_controller/build install --record /home/kk/ros2_ws/build/my_robot_controller/install.log --single-version-externally-managed
[7.635s] running egg_info
[7.640s] writing ../../build/my_robot_controller/my_robot_controller.egg-info/PKG-INFO
[7.641s] writing dependency_links to ../../build/my_robot_controller/my_robot_controller.egg-info/dependency_links.txt
[7.642s] writing entry points to ../../build/my_robot_controller/my_robot_controller.egg-info/entry_points.txt
[7.644s] writing requirements to ../../build/my_robot_controller/my_robot_controller.egg-info/requires.txt
[7.645s] writing top-level names to ../../build/my_robot_controller/my_robot_controller.egg-info/top_level.txt
[7.654s] reading manifest file '../../build/my_robot_controller/my_robot_controller.egg-info/SOURCES.txt'
[7.662s] writing manifest file '../../build/my_robot_controller/my_robot_controller.egg-info/SOURCES.txt'
[7.668s] running build
[7.669s] running build_py
[7.674s] running install
[7.676s] running install_lib
[7.677s] running install_data
[7.680s] running install_egg_info
[7.692s] removing '/home/kk/ros2_ws/install/my_robot_controller/lib/python3.10/site-packages/my_robot_controller-0.0.0-py3.10.egg-info' (and everything under it)
[7.695s] Copying ../../build/my_robot_controller/my_robot_controller.egg-info to /home/kk/ros2_ws/install/my_robot_controller/lib/python3.10/site-packages/my_robot_controller-0.0.0-py3.10.egg-info
[7.700s] running install_scripts
[7.793s] Installing test_node script to /home/kk/ros2_ws/install/my_robot_controller/lib/my_robot_controller
[7.797s] writing list of installed files to '/home/kk/ros2_ws/build/my_robot_controller/install.log'
[7.979s] Invoked command in '/home/kk/ros2_ws/src/my_robot_controller' returned '0': PS1=(venv) \[\e]0;\u@\h: \w\a\]${debian_chroot:+($debian_chroot)}\[\033[01;32m\]\u@\h\[\033[00m\]:\[\033[01;34m\]\w\[\033[00m\]\$ PYTHONPATH=/home/kk/ros2_ws/build/my_robot_controller/prefix_override:/home/kk/ros2_ws/install/my_robot_controller/lib/python3.10/site-packages:${PYTHONPATH} /usr/bin/python3 setup.py egg_info --egg-base ../../build/my_robot_controller build --build-base /home/kk/ros2_ws/build/my_robot_controller/build install --record /home/kk/ros2_ws/build/my_robot_controller/install.log --single-version-externally-managed
